Using pre-set license
Built from '2022.3/staging' branch; Version is '2022.3.10f1 (ff3792e53c62) revision 16725906'; Using compiler version '192829333'; Build Type 'Release'
OS: 'Windows 10  (10.0.19045) 64bit Core' Language: 'en' Physical Memory: 16172 MB
BatchMode: 1, IsHumanControllingUs: 0, StartBugReporterOnCrash: 0, Is64bit: 1, IsPro: 1

COMMAND LINE ARGUMENTS:
C:\Program Files\Unity\Hub\Editor\2022.3.10f1\Editor\Unity.exe
-adb2
-batchMode
-noUpm
-name
AssetImportWorker0
-projectPath
C:/Users/kiero/OneDrive/Documents/GitHub/Game-Tools-2/Game Tools 2 Assignment 1
-logFile
Logs/AssetImportWorker0.log
-srvPort
56513
Successfully changed project path to: C:/Users/kiero/OneDrive/Documents/GitHub/Game-Tools-2/Game Tools 2 Assignment 1
C:/Users/kiero/OneDrive/Documents/GitHub/Game-Tools-2/Game Tools 2 Assignment 1
[UnityMemory] Configuration Parameters - Can be set up in boot.config
    "memorysetup-bucket-allocator-granularity=16"
    "memorysetup-bucket-allocator-bucket-count=8"
    "memorysetup-bucket-allocator-block-size=33554432"
    "memorysetup-bucket-allocator-block-count=8"
    "memorysetup-main-allocator-block-size=16777216"
    "memorysetup-thread-allocator-block-size=16777216"
    "memorysetup-gfx-main-allocator-block-size=16777216"
    "memorysetup-gfx-thread-allocator-block-size=16777216"
    "memorysetup-cache-allocator-block-size=4194304"
    "memorysetup-typetree-allocator-block-size=2097152"
    "memorysetup-profiler-bucket-allocator-granularity=16"
    "memorysetup-profiler-bucket-allocator-bucket-count=8"
    "memorysetup-profiler-bucket-allocator-block-size=33554432"
    "memorysetup-profiler-bucket-allocator-block-count=8"
    "memorysetup-profiler-allocator-block-size=16777216"
    "memorysetup-profiler-editor-allocator-block-size=1048576"
    "memorysetup-temp-allocator-size-main=16777216"
    "memorysetup-job-temp-allocator-block-size=2097152"
    "memorysetup-job-temp-allocator-block-size-background=1048576"
    "memorysetup-job-temp-allocator-reduction-small-platforms=262144"
    "memorysetup-allocator-temp-initial-block-size-main=262144"
    "memorysetup-allocator-temp-initial-block-size-worker=262144"
    "memorysetup-temp-allocator-size-background-worker=32768"
    "memorysetup-temp-allocator-size-job-worker=262144"
    "memorysetup-temp-allocator-size-preload-manager=33554432"
    "memorysetup-temp-allocator-size-nav-mesh-worker=65536"
    "memorysetup-temp-allocator-size-audio-worker=65536"
    "memorysetup-temp-allocator-size-cloud-worker=32768"
    "memorysetup-temp-allocator-size-gi-baking-worker=262144"
    "memorysetup-temp-allocator-size-gfx=262144"
Player connection [24088] Host "[IP] 192.168.4.208 [Port] 0 [Flags] 2 [Guid] 2719034065 [EditorId] 2719034065 [Version] 1048832 [Id] WindowsEditor(7,pc-kieron2) [Debug] 1 [PackageName] WindowsEditor [ProjectName] Editor" joined multi-casting on [225.0.0.222:54997]...

Player connection [24088] Host "[IP] 192.168.4.208 [Port] 0 [Flags] 2 [Guid] 2719034065 [EditorId] 2719034065 [Version] 1048832 [Id] WindowsEditor(7,pc-kieron2) [Debug] 1 [PackageName] WindowsEditor [ProjectName] Editor" joined alternative multi-casting on [225.0.0.222:34997]...

[Physics::Module] Initialized MultithreadedJobDispatcher with 7 workers.
Refreshing native plugins compatible for Editor in 1218.30 ms, found 3 plugins.
Preloading 0 native plugins for Editor in 0.00 ms.
Initialize engine version: 2022.3.10f1 (ff3792e53c62)
[Subsystems] Discovering subsystems at path C:/Program Files/Unity/Hub/Editor/2022.3.10f1/Editor/Data/Resources/UnitySubsystems
[Subsystems] Discovering subsystems at path C:/Users/kiero/OneDrive/Documents/GitHub/Game-Tools-2/Game Tools 2 Assignment 1/Assets
GfxDevice: creating device client; threaded=0; jobified=0
Direct3D:
    Version:  Direct3D 11.0 [level 11.1]
    Renderer: Intel(R) UHD Graphics 620 (ID=0x5917)
    Vendor:   Intel
    VRAM:     8086 MB
    Driver:   31.0.101.2111
Initialize mono
Mono path[0] = 'C:/Program Files/Unity/Hub/Editor/2022.3.10f1/Editor/Data/Managed'
Mono path[1] = 'C:/Program Files/Unity/Hub/Editor/2022.3.10f1/Editor/Data/MonoBleedingEdge/lib/mono/unityjit-win32'
Mono config path = 'C:/Program Files/Unity/Hub/Editor/2022.3.10f1/Editor/Data/MonoBleedingEdge/etc'
Using monoOptions --debugger-agent=transport=dt_socket,embedding=1,server=y,suspend=n,address=127.0.0.1:56184
Begin MonoManager ReloadAssembly
Registering precompiled unity dll's ...
Register platform support module: C:/Program Files/Unity/Hub/Editor/2022.3.10f1/Editor/Data/PlaybackEngines/WebGLSupport/UnityEditor.WebGL.Extensions.dll
Register platform support module: C:/Program Files/Unity/Hub/Editor/2022.3.10f1/Editor/Data/PlaybackEngines/WindowsStandaloneSupport/UnityEditor.WindowsStandalone.Extensions.dll
Register platform support module: C:/Program Files/Unity/Hub/Editor/2022.3.10f1/Editor/Data/PlaybackEngines/MetroSupport/UnityEditor.UWP.Extensions.dll
Registered in 0.295850 seconds.
- Loaded All Assemblies, in  9.393 seconds
Native extension for UWP target not found
Native extension for WindowsStandalone target not found
Native extension for WebGL target not found
Mono: successfully reloaded assembly
- Finished resetting the current domain, in  0.441 seconds
Domain Reload Profiling: 9831ms
	BeginReloadAssembly (8583ms)
		ExecutionOrderSort (0ms)
		DisableScriptedObjects (0ms)
		BackupInstance (0ms)
		ReleaseScriptingObjects (0ms)
		CreateAndSetChildDomain (2ms)
	RebuildCommonClasses (54ms)
	RebuildNativeTypeToScriptingClass (17ms)
	initialDomainReloadingComplete (380ms)
	LoadAllAssembliesAndSetupDomain (356ms)
		LoadAssemblies (8576ms)
		RebuildTransferFunctionScriptingTraits (0ms)
		AnalyzeDomain (352ms)
			TypeCache.Refresh (349ms)
				TypeCache.ScanAssembly (326ms)
			ScanForSourceGeneratedMonoScriptInfo (1ms)
			ResolveRequiredComponents (1ms)
	FinalizeReload (442ms)
		ReleaseScriptCaches (0ms)
		RebuildScriptCaches (0ms)
		SetupLoadedEditorAssemblies (338ms)
			LogAssemblyErrors (0ms)
			InitializePlatformSupportModulesInManaged (21ms)
			SetLoadedEditorAssemblies (8ms)
			RefreshPlugins (0ms)
			BeforeProcessingInitializeOnLoad (3ms)
			ProcessInitializeOnLoadAttributes (215ms)
			ProcessInitializeOnLoadMethodAttributes (91ms)
			AfterProcessingInitializeOnLoad (0ms)
			EditorAssembliesLoaded (0ms)
		ExecutionOrderSort2 (0ms)
		AwakeInstancesAfterBackupRestoration (0ms)
========================================================================
Worker process is ready to serve import requests
Begin MonoManager ReloadAssembly
- Loaded All Assemblies, in  8.417 seconds
Refreshing native plugins compatible for Editor in 10.10 ms, found 3 plugins.
Native extension for UWP target not found
Native extension for WindowsStandalone target not found
Native extension for WebGL target not found
Package Manager log level set to [2]
[Package Manager] Server::EnsureServerProcessIsRunning -- launch failed, reason: Unity was launched with the -noUpm command-line argument
[Package Manager] UpmClient::Send -- Unable to send message (not connected to UPM process).
[Package Manager] Cannot connect to Unity Package Manager local server
Mono: successfully reloaded assembly
- Finished resetting the current domain, in  1.528 seconds
Domain Reload Profiling: 9923ms
	BeginReloadAssembly (637ms)
		ExecutionOrderSort (0ms)
		DisableScriptedObjects (26ms)
		BackupInstance (0ms)
		ReleaseScriptingObjects (0ms)
		CreateAndSetChildDomain (94ms)
	RebuildCommonClasses (154ms)
	RebuildNativeTypeToScriptingClass (43ms)
	initialDomainReloadingComplete (176ms)
	LoadAllAssembliesAndSetupDomain (7385ms)
		LoadAssemblies (7089ms)
		RebuildTransferFunctionScriptingTraits (0ms)
		AnalyzeDomain (668ms)
			TypeCache.Refresh (622ms)
				TypeCache.ScanAssembly (575ms)
			ScanForSourceGeneratedMonoScriptInfo (27ms)
			ResolveRequiredComponents (17ms)
	FinalizeReload (1529ms)
		ReleaseScriptCaches (0ms)
		RebuildScriptCaches (0ms)
		SetupLoadedEditorAssemblies (1054ms)
			LogAssemblyErrors (0ms)
			InitializePlatformSupportModulesInManaged (36ms)
			SetLoadedEditorAssemblies (15ms)
			RefreshPlugins (0ms)
			BeforeProcessingInitializeOnLoad (197ms)
			ProcessInitializeOnLoadAttributes (751ms)
			ProcessInitializeOnLoadMethodAttributes (40ms)
			AfterProcessingInitializeOnLoad (15ms)
			EditorAssembliesLoaded (0ms)
		ExecutionOrderSort2 (0ms)
		AwakeInstancesAfterBackupRestoration (16ms)
Launched and connected shader compiler UnityShaderCompiler.exe after 0.11 seconds
Refreshing native plugins compatible for Editor in 6.24 ms, found 3 plugins.
Preloading 0 native plugins for Editor in 0.00 ms.
Unloading 3069 Unused Serialized files (Serialized files now loaded: 0)
Unloading 31 unused Assets / (56.4 KB). Loaded Objects now: 3531.
Memory consumption went from 114.1 MB to 114.1 MB.
Total: 5.635600 ms (FindLiveObjects: 0.552200 ms CreateObjectMapping: 0.306700 ms MarkObjects: 4.596000 ms  DeleteObjects: 0.179100 ms)

AssetImportParameters requested are different than current active one (requested -> active):
  custom:container-demuxer-ogg: 62fdf1f143b41e24485cea50d1cbac27 -> 
  custom:video-decoder-ogg-theora: a1e56fd34408186e4bbccfd4996cb3dc -> 
  custom:framework-win-MediaFoundation: 216162199b28c13a410421893ffa2e32 -> 
  custom:CustomObjectIndexerAttribute: 756ad292c208cfabdd7b50bc23989ffe -> 
  custom:container-demuxer-webm: 4f35f7cbe854078d1ac9338744f61a02 -> 
  custom:container-muxer-webm: aa71ff27fc2769a1b78a27578f13a17b -> 
  custom:video-decoder-webm-vp8: 9c59270c3fd7afecdb556c50c9e8de78 -> 
  custom:SearchIndexIgnoredProperties: e643bd26f0fe6173181afceb89e7c659 -> 
  custom:AudioImporter_EditorPlatform: d09bf68614088b80899f8185d706f6e7 -> 
  custom:video-encoder-webm-vp8: eb34c28f22e8b96e1ab97ce403110664 -> 
  custom:audio-decoder-ogg-vorbis: bf7c407c2cedff20999df2af8eb42d56 -> 
  custom:audio-encoder-webm-vorbis: bf7c407c2cedff20999df2af8eb42d56 -> 
========================================================================
Received Import Request.
  Time since last request: 871136.017127 seconds.
  path: Assets/Sprites
  artifactKey: Guid(f4ce0afcbf9ba584891e6b03c1022966) Importer(815301076,1909f56bfc062723c751e8b465ee728b)
Start importing Assets/Sprites using Guid(f4ce0afcbf9ba584891e6b03c1022966) Importer(815301076,1909f56bfc062723c751e8b465ee728b)  -> (artifact id: '738ad99dd255c79fa2ec50b0ad490b0c') in 0.003533 seconds
Number of updated asset objects reloaded before import = 0
Number of asset objects unloaded after import = 0
========================================================================
Received Import Request.
  Time since last request: 0.000081 seconds.
  path: Assets/Sprites/Maze-Floorplan.png
  artifactKey: Guid(8af9a9584b8067745b373ccd2ca1a422) Importer(815301076,1909f56bfc062723c751e8b465ee728b)
Start importing Assets/Sprites/Maze-Floorplan.png using Guid(8af9a9584b8067745b373ccd2ca1a422) Importer(815301076,1909f56bfc062723c751e8b465ee728b)  -> (artifact id: '7397ceeef65ab0c0096c414b8ada5c3d') in 0.097394 seconds
Number of updated asset objects reloaded before import = 0
Number of asset objects unloaded after import = 2
========================================================================
Received Import Request.
  Time since last request: 24.601521 seconds.
  path: Assets/Sprites/Maze-Floorplan.png
  artifactKey: Guid(8af9a9584b8067745b373ccd2ca1a422) Importer(815301076,1909f56bfc062723c751e8b465ee728b)
Start importing Assets/Sprites/Maze-Floorplan.png using Guid(8af9a9584b8067745b373ccd2ca1a422) Importer(815301076,1909f56bfc062723c751e8b465ee728b)  -> (artifact id: 'd4c6c82b8ea85fecc9061ab2711f6c33') in 0.145892 seconds
Number of updated asset objects reloaded before import = 0
Number of asset objects unloaded after import = 3
========================================================================
Received Import Request.
  Time since last request: 102.427757 seconds.
  path: Assets/Sprites/Maze-Floorplan.png
  artifactKey: Guid(8af9a9584b8067745b373ccd2ca1a422) Importer(815301076,1909f56bfc062723c751e8b465ee728b)
Start importing Assets/Sprites/Maze-Floorplan.png using Guid(8af9a9584b8067745b373ccd2ca1a422) Importer(815301076,1909f56bfc062723c751e8b465ee728b)  -> (artifact id: '547d63bc408451ae99df2e2d5714baa9') in 0.100975 seconds
Number of updated asset objects reloaded before import = 0
Number of asset objects unloaded after import = 2
========================================================================
Received Import Request.
  Time since last request: 60.055010 seconds.
  path: Assets/Sprites/Maze-Floorplan.png
  artifactKey: Guid(8af9a9584b8067745b373ccd2ca1a422) Importer(815301076,1909f56bfc062723c751e8b465ee728b)
Start importing Assets/Sprites/Maze-Floorplan.png using Guid(8af9a9584b8067745b373ccd2ca1a422) Importer(815301076,1909f56bfc062723c751e8b465ee728b)  -> (artifact id: '94453b935f47a5753c2398624fa39765') in 0.489629 seconds
Number of updated asset objects reloaded before import = 0
Number of asset objects unloaded after import = 2
========================================================================
Received Import Request.
  Time since last request: 100.169555 seconds.
  path: Assets/Sprites/New Material.mat
  artifactKey: Guid(7d45a8c598bfa9f46acc74dd94f9ec06) Importer(815301076,1909f56bfc062723c751e8b465ee728b)
Start importing Assets/Sprites/New Material.mat using Guid(7d45a8c598bfa9f46acc74dd94f9ec06) Importer(815301076,1909f56bfc062723c751e8b465ee728b)  -> (artifact id: '4867d3fad499c89cb42f5d5ee5ae0fd0') in 0.515319 seconds
Number of updated asset objects reloaded before import = 0
Number of asset objects unloaded after import = 1
========================================================================
Received Import Request.
  Time since last request: 68.569453 seconds.
  path: Assets/Sprites/Materials
  artifactKey: Guid(32b7400579d64d14d800b5ebf26289e8) Importer(815301076,1909f56bfc062723c751e8b465ee728b)
Start importing Assets/Sprites/Materials using Guid(32b7400579d64d14d800b5ebf26289e8) Importer(815301076,1909f56bfc062723c751e8b465ee728b)  -> (artifact id: '31dbc55ea6886ee772222db6bb05b3d8') in 0.000717 seconds
Number of updated asset objects reloaded before import = 0
Number of asset objects unloaded after import = 0
========================================================================
Received Import Request.
  Time since last request: 0.548364 seconds.
  path: Assets/Sprites/Materials/Maze-Floorplan.mat
  artifactKey: Guid(10b6e3c41b5c7d04a96b53777e36d047) Importer(815301076,1909f56bfc062723c751e8b465ee728b)
Start importing Assets/Sprites/Materials/Maze-Floorplan.mat using Guid(10b6e3c41b5c7d04a96b53777e36d047) Importer(815301076,1909f56bfc062723c751e8b465ee728b)  -> (artifact id: 'becef098b939685260702891784596ef') in 0.120109 seconds
Number of updated asset objects reloaded before import = 0
Number of asset objects unloaded after import = 2
========================================================================
Received Import Request.
  Time since last request: 443.990808 seconds.
  path: Assets/Prefabs/x-wall.prefab
  artifactKey: Guid(b936e561584444f4eb2dae138e0611b5) Importer(815301076,1909f56bfc062723c751e8b465ee728b)
Start importing Assets/Prefabs/x-wall.prefab using Guid(b936e561584444f4eb2dae138e0611b5) Importer(815301076,1909f56bfc062723c751e8b465ee728b)  -> (artifact id: 'ed223c41a6d3569b91c153e1f4fa8f5d') in 0.054444 seconds
Number of updated asset objects reloaded before import = 0
Number of asset objects unloaded after import = 7
========================================================================
Received Import Request.
  Time since last request: 130.617606 seconds.
  path: Assets/Prefabs/x-wall.prefab
  artifactKey: Guid(b936e561584444f4eb2dae138e0611b5) Importer(815301076,1909f56bfc062723c751e8b465ee728b)
Start importing Assets/Prefabs/x-wall.prefab using Guid(b936e561584444f4eb2dae138e0611b5) Importer(815301076,1909f56bfc062723c751e8b465ee728b)  -> (artifact id: '8f90ccf481d278cbd6dcc5b109d8aff5') in 0.031061 seconds
Number of updated asset objects reloaded before import = 0
Number of asset objects unloaded after import = 7
========================================================================
Received Import Request.
  Time since last request: 1257.199732 seconds.
  path: Assets/Maze-Floorplan.png
  artifactKey: Guid(d8d018ffda195cc47892a8662248edc3) Importer(815301076,1909f56bfc062723c751e8b465ee728b)
Start importing Assets/Maze-Floorplan.png using Guid(d8d018ffda195cc47892a8662248edc3) Importer(815301076,1909f56bfc062723c751e8b465ee728b)  -> (artifact id: 'ecae58e7d467782858ff80272ca9627f') in 0.043316 seconds
Number of updated asset objects reloaded before import = 0
Number of asset objects unloaded after import = 2
========================================================================
Received Import Request.
  Time since last request: 49.740570 seconds.
  path: Assets/Materials/Maze-Floorplan.mat
  artifactKey: Guid(425fe1ae4954e8b49b7e081bdc4e839f) Importer(815301076,1909f56bfc062723c751e8b465ee728b)
Start importing Assets/Materials/Maze-Floorplan.mat using Guid(425fe1ae4954e8b49b7e081bdc4e839f) Importer(815301076,1909f56bfc062723c751e8b465ee728b)  -> (artifact id: '9f82432e4b42215b064e4b3b9ac25000') in 0.070410 seconds
Number of updated asset objects reloaded before import = 0
Number of asset objects unloaded after import = 2
========================================================================
Received Import Request.
  Time since last request: 4.950926 seconds.
  path: Assets/Sprites/Materials
  artifactKey: Guid(0cf2e63364d226046af8a9057b0ecd83) Importer(815301076,1909f56bfc062723c751e8b465ee728b)
Start importing Assets/Sprites/Materials using Guid(0cf2e63364d226046af8a9057b0ecd83) Importer(815301076,1909f56bfc062723c751e8b465ee728b)  -> (artifact id: '3a7e04dd3d43ace90023c9cd6d772ab2') in 0.000686 seconds
Number of updated asset objects reloaded before import = 0
Number of asset objects unloaded after import = 0
========================================================================
Received Import Request.
  Time since last request: 971.540077 seconds.
  path: Assets/Sprites/Black 3.png
  artifactKey: Guid(388f886c8e225154b8552740d0fab7c3) Importer(815301076,1909f56bfc062723c751e8b465ee728b)
Start importing Assets/Sprites/Black 3.png using Guid(388f886c8e225154b8552740d0fab7c3) Importer(815301076,1909f56bfc062723c751e8b465ee728b)  -> (artifact id: 'c0ee1c85bb4d6c4c096b9d7361697dfc') in 0.053205 seconds
Number of updated asset objects reloaded before import = 0
Number of asset objects unloaded after import = 2
========================================================================
Received Import Request.
  Time since last request: 0.000031 seconds.
  path: Assets/Sprites/Black 9.png
  artifactKey: Guid(dd9edef16946c2f47a3e4b9b61b49c78) Importer(815301076,1909f56bfc062723c751e8b465ee728b)
Start importing Assets/Sprites/Black 9.png using Guid(dd9edef16946c2f47a3e4b9b61b49c78) Importer(815301076,1909f56bfc062723c751e8b465ee728b)  -> (artifact id: '7e95cb9fbb79108683ee114baac72d28') in 0.053406 seconds
Number of updated asset objects reloaded before import = 0
Number of asset objects unloaded after import = 2
========================================================================
Received Import Request.
  Time since last request: 0.000055 seconds.
  path: Assets/Sprites/Black 6.png
  artifactKey: Guid(7c75ab960f8901e4882707120e16d760) Importer(815301076,1909f56bfc062723c751e8b465ee728b)
Start importing Assets/Sprites/Black 6.png using Guid(7c75ab960f8901e4882707120e16d760) Importer(815301076,1909f56bfc062723c751e8b465ee728b)  -> (artifact id: '9d89a15eeec983ebc029095a4d974863') in 0.047051 seconds
Number of updated asset objects reloaded before import = 0
Number of asset objects unloaded after import = 2
========================================================================
Received Import Request.
  Time since last request: 1189.233527 seconds.
  path: Assets/Sprites/White Wall.png
  artifactKey: Guid(f3bf6c46c884be34286f464d68256228) Importer(815301076,1909f56bfc062723c751e8b465ee728b)
Start importing Assets/Sprites/White Wall.png using Guid(f3bf6c46c884be34286f464d68256228) Importer(815301076,1909f56bfc062723c751e8b465ee728b)  -> (artifact id: '9056f26137782dfd56547bc9e2af466e') in 0.040465 seconds
Number of updated asset objects reloaded before import = 0
Number of asset objects unloaded after import = 2
========================================================================
Received Import Request.
  Time since last request: 174.173170 seconds.
  path: Assets/Prefabs/x wall.prefab
  artifactKey: Guid(9b7fa4ccd09415a408d1bbc48f54ce27) Importer(815301076,1909f56bfc062723c751e8b465ee728b)
Start importing Assets/Prefabs/x wall.prefab using Guid(9b7fa4ccd09415a408d1bbc48f54ce27) Importer(815301076,1909f56bfc062723c751e8b465ee728b)  -> (artifact id: 'c4cb5d96c6809ba718ec6c0230e2dabb') in 0.043473 seconds
Number of updated asset objects reloaded before import = 0
Number of asset objects unloaded after import = 9
========================================================================
Received Import Request.
  Time since last request: 12.918102 seconds.
  path: Assets/Materials/Black 3.mat
  artifactKey: Guid(67bc65885d26437488285effe12b4aaa) Importer(815301076,1909f56bfc062723c751e8b465ee728b)
Start importing Assets/Materials/Black 3.mat using Guid(67bc65885d26437488285effe12b4aaa) Importer(815301076,1909f56bfc062723c751e8b465ee728b)  -> (artifact id: 'ef1eeffcb6501ae98e15349ebfc3096a') in 0.047163 seconds
Number of updated asset objects reloaded before import = 0
Number of asset objects unloaded after import = 2
========================================================================
Received Import Request.
  Time since last request: 0.000049 seconds.
  path: Assets/Materials/Maze-Floorplan.mat
  artifactKey: Guid(425fe1ae4954e8b49b7e081bdc4e839f) Importer(815301076,1909f56bfc062723c751e8b465ee728b)
Start importing Assets/Materials/Maze-Floorplan.mat using Guid(425fe1ae4954e8b49b7e081bdc4e839f) Importer(815301076,1909f56bfc062723c751e8b465ee728b)  -> (artifact id: '2ea0f19a6d3c77899daa71049dd7bb99') in 0.059039 seconds
Number of updated asset objects reloaded before import = 0
Number of asset objects unloaded after import = 2
========================================================================
Received Import Request.
  Time since last request: 0.000198 seconds.
  path: Assets/Materials/White Wall.mat
  artifactKey: Guid(2a2867322a5dfa340b3303d0403c3a50) Importer(815301076,1909f56bfc062723c751e8b465ee728b)
Start importing Assets/Materials/White Wall.mat using Guid(2a2867322a5dfa340b3303d0403c3a50) Importer(815301076,1909f56bfc062723c751e8b465ee728b)  -> (artifact id: 'd55d9c0c0d62d40af472dc0327f69113') in 0.054670 seconds
Number of updated asset objects reloaded before import = 0
Number of asset objects unloaded after import = 2
========================================================================
Received Import Request.
  Time since last request: 0.000048 seconds.
  path: Assets/Materials/Black 9.mat
  artifactKey: Guid(eec601cef47b61246bd70efabb1bb5d1) Importer(815301076,1909f56bfc062723c751e8b465ee728b)
Start importing Assets/Materials/Black 9.mat using Guid(eec601cef47b61246bd70efabb1bb5d1) Importer(815301076,1909f56bfc062723c751e8b465ee728b)  -> (artifact id: '230df2c1e48ec4cf7c47473ed5f6048f') in 0.083847 seconds
Number of updated asset objects reloaded before import = 0
Number of asset objects unloaded after import = 2
========================================================================
Received Import Request.
  Time since last request: 0.000063 seconds.
  path: Assets/Materials/Black 6.mat
  artifactKey: Guid(4dd67e4f8380bbe4cb7efb9cfb298e66) Importer(815301076,1909f56bfc062723c751e8b465ee728b)
Start importing Assets/Materials/Black 6.mat using Guid(4dd67e4f8380bbe4cb7efb9cfb298e66) Importer(815301076,1909f56bfc062723c751e8b465ee728b)  -> (artifact id: '0a20818921178584786580e994d6d35c') in 0.080967 seconds
Number of updated asset objects reloaded before import = 0
Number of asset objects unloaded after import = 2
========================================================================
Received Import Request.
  Time since last request: 157.307666 seconds.
  path: Assets/Sprites/Materials/White Wall.mat
  artifactKey: Guid(e5d9e449f31acd3449a743642b8e4378) Importer(815301076,1909f56bfc062723c751e8b465ee728b)
Start importing Assets/Sprites/Materials/White Wall.mat using Guid(e5d9e449f31acd3449a743642b8e4378) Importer(815301076,1909f56bfc062723c751e8b465ee728b)  -> (artifact id: '2589978d098f2972e76eda961d6998f4') in 0.086702 seconds
Number of updated asset objects reloaded before import = 0
Number of asset objects unloaded after import = 2
========================================================================
Received Import Request.
  Time since last request: 119.839752 seconds.
  path: Assets/Prefabs/z wall.prefab
  artifactKey: Guid(57f908659d8722844b1763dae700a1b8) Importer(815301076,1909f56bfc062723c751e8b465ee728b)
Start importing Assets/Prefabs/z wall.prefab using Guid(57f908659d8722844b1763dae700a1b8) Importer(815301076,1909f56bfc062723c751e8b465ee728b)  -> (artifact id: 'a7316d234f1b9cf0b64627bbb5305a86') in 0.027460 seconds
Number of updated asset objects reloaded before import = 0
Number of asset objects unloaded after import = 9
========================================================================
Received Import Request.
  Time since last request: 353.545512 seconds.
  path: Assets/Prefabs/long wall.prefab
  artifactKey: Guid(442f656a38fb28248a866e13c94cc8aa) Importer(815301076,1909f56bfc062723c751e8b465ee728b)
Start importing Assets/Prefabs/long wall.prefab using Guid(442f656a38fb28248a866e13c94cc8aa) Importer(815301076,1909f56bfc062723c751e8b465ee728b)  -> (artifact id: 'a669f42dab8777492b7b8eb1868573ec') in 0.028275 seconds
Number of updated asset objects reloaded before import = 0
Number of asset objects unloaded after import = 7
========================================================================
Received Import Request.
  Time since last request: 648.902617 seconds.
  path: Assets/Prefabs/wide wall.prefab
  artifactKey: Guid(f127338e1d777cc419faee9a24c16d4b) Importer(815301076,1909f56bfc062723c751e8b465ee728b)
Start importing Assets/Prefabs/wide wall.prefab using Guid(f127338e1d777cc419faee9a24c16d4b) Importer(815301076,1909f56bfc062723c751e8b465ee728b)  -> (artifact id: '2a86c7c0bbd973841b3a164bef83c56f') in 0.034870 seconds
Number of updated asset objects reloaded before import = 0
Number of asset objects unloaded after import = 7
========================================================================
Received Prepare
Begin MonoManager ReloadAssembly
- Loaded All Assemblies, in  1.917 seconds
Refreshing native plugins compatible for Editor in 13.46 ms, found 3 plugins.
Native extension for UWP target not found
Native extension for WindowsStandalone target not found
Native extension for WebGL target not found
[Package Manager] Server::EnsureServerProcessIsRunning -- launch failed, reason: Unity was launched with the -noUpm command-line argument
[Package Manager] UpmClient::Send -- Unable to send message (not connected to UPM process).
[Package Manager] Cannot connect to Unity Package Manager local server
Mono: successfully reloaded assembly
- Finished resetting the current domain, in  5.425 seconds
Domain Reload Profiling: 7336ms
	BeginReloadAssembly (511ms)
		ExecutionOrderSort (0ms)
		DisableScriptedObjects (13ms)
		BackupInstance (0ms)
		ReleaseScriptingObjects (0ms)
		CreateAndSetChildDomain (188ms)
	RebuildCommonClasses (58ms)
	RebuildNativeTypeToScriptingClass (29ms)
	initialDomainReloadingComplete (89ms)
	LoadAllAssembliesAndSetupDomain (1221ms)
		LoadAssemblies (1320ms)
		RebuildTransferFunctionScriptingTraits (0ms)
		AnalyzeDomain (83ms)
			TypeCache.Refresh (57ms)
				TypeCache.ScanAssembly (0ms)
			ScanForSourceGeneratedMonoScriptInfo (1ms)
			ResolveRequiredComponents (20ms)
	FinalizeReload (5427ms)
		ReleaseScriptCaches (0ms)
		RebuildScriptCaches (0ms)
		SetupLoadedEditorAssemblies (738ms)
			LogAssemblyErrors (0ms)
			InitializePlatformSupportModulesInManaged (22ms)
			SetLoadedEditorAssemblies (8ms)
			RefreshPlugins (0ms)
			BeforeProcessingInitializeOnLoad (107ms)
			ProcessInitializeOnLoadAttributes (532ms)
			ProcessInitializeOnLoadMethodAttributes (53ms)
			AfterProcessingInitializeOnLoad (14ms)
			EditorAssembliesLoaded (1ms)
		ExecutionOrderSort2 (0ms)
		AwakeInstancesAfterBackupRestoration (22ms)
Refreshing native plugins compatible for Editor in 4.56 ms, found 3 plugins.
Preloading 0 native plugins for Editor in 0.00 ms.
Unloading 3061 Unused Serialized files (Serialized files now loaded: 0)
Unloading 21 unused Assets / (29.7 KB). Loaded Objects now: 3582.
Memory consumption went from 117.8 MB to 117.8 MB.
Total: 5.503200 ms (FindLiveObjects: 0.295300 ms CreateObjectMapping: 0.296800 ms MarkObjects: 4.863600 ms  DeleteObjects: 0.046500 ms)

Prepare: number of updated asset objects reloaded= 0
AssetImportParameters requested are different than current active one (requested -> active):
  custom:container-demuxer-ogg: 62fdf1f143b41e24485cea50d1cbac27 -> 
  custom:video-decoder-ogg-theora: a1e56fd34408186e4bbccfd4996cb3dc -> 
  custom:framework-win-MediaFoundation: 216162199b28c13a410421893ffa2e32 -> 
  custom:CustomObjectIndexerAttribute: 756ad292c208cfabdd7b50bc23989ffe -> 
  custom:container-demuxer-webm: 4f35f7cbe854078d1ac9338744f61a02 -> 
  custom:container-muxer-webm: aa71ff27fc2769a1b78a27578f13a17b -> 
  custom:video-decoder-webm-vp8: 9c59270c3fd7afecdb556c50c9e8de78 -> 
  custom:SearchIndexIgnoredProperties: e643bd26f0fe6173181afceb89e7c659 -> 
  custom:AudioImporter_EditorPlatform: d09bf68614088b80899f8185d706f6e7 -> 
  custom:video-encoder-webm-vp8: eb34c28f22e8b96e1ab97ce403110664 -> 
  custom:audio-decoder-ogg-vorbis: bf7c407c2cedff20999df2af8eb42d56 -> 
  custom:audio-encoder-webm-vorbis: bf7c407c2cedff20999df2af8eb42d56 -> 
